This is pdfTeX, Version 3.14159265-2.6-1.40.21 (MiKTeX 21.1) (preloaded format=latex 2021.8.20)  20 AUG 2021 09:52
entering extended mode
**C:/Users/edime/AppData/Local/Temp/RtmpqIZ2Ak/chunk-code-1888352b1071.txt
(C:/Users/edime/AppData/Local/Temp/RtmpqIZ2Ak/chunk-code-1888352b1071.txt
LaTeX2e <2020-10-01> patch level 4
L3 programming layer <2021-01-09> xparse <2020-03-03>

! LaTeX Error: Environment table undefined.

See the LaTeX manual or LaTeX Companion for explanation.
Type  H <return>  for immediate help.
 ...                                              
                                                  
l.2 \begin{table}
                 [H]
? 
! Emergency stop.
 ...                                              
                                                  
l.2 \begin{table}
                 [H]
Your command was ignored.
Type  I <command> <return>  to replace it with another command,
or  <return>  to continue without it.

 
Here is how much of TeX's memory you used:
 20 strings out of 479619
 735 string characters out of 2881572
 270093 words of memory out of 3000000
 17291 multiletter control sequences out of 15000+200000
 403430 words of font info for 27 fonts, out of 3000000 for 9000
 1141 hyphenation exceptions out of 8191
 13i,0n,15p,115b,16s stack positions out of 5000i,500n,10000p,200000b,50000s
No pages of output.
